<?xml version="1.0" encoding="UTF-8"?>
<!-- Generated by org.testng.reporters.JUnitXMLReporter -->
<testsuite ignored="4" hostname="Umas-MBP.attlocal.net" failures="0" tests="3" name="Sanity" time="0.024" errors="0" timestamp="2024-02-15T23:32:08 PST">
  <testcase classname="testSuite1.Module2" name="test001" time="0.004"/>
  <testcase classname="testSuite1.Module1" name="test001" time="0.001"/>
  <testcase classname="testSuite1.Module2" name="test003" time="0.001"/>
  <testcase classname="testSuite1.Module1" name="test002" time="0.0">
    <ignored/>
  </testcase> <!-- test002 -->
  <testcase classname="testSuite1.Module1" name="test003" time="0.0">
    <ignored/>
  </testcase> <!-- test003 -->
  <testcase classname="testSuite1.Module1" name="login" time="0.0">
    <ignored/>
  </testcase> <!-- login -->
  <testcase classname="testSuite1.Module2" name="test002" time="0.0">
    <ignored/>
  </testcase> <!-- test002 -->
</testsuite> <!-- Sanity -->
